2026-06-27 08:05:02 | BERHASIL | Fetch data hourly
2026-06-27 08:05:02 | BERHASIL | Kalibrasi data hourly
2026-06-27 08:05:03 | BERHASIL | Preprocessing data hourly
2026-06-27 08:05:07 | BERHASIL | Prediksi 24 jam hourly
2026-06-27 08:05:07 | BERHASIL | Hourly prediction selesai
2026-06-27 09:05:03 | BERHASIL | Fetch data hourly
2026-06-27 09:05:03 | BERHASIL | Kalibrasi data hourly
2026-06-27 09:05:04 | BERHASIL | Preprocessing data hourly
2026-06-27 09:05:08 | BERHASIL | Prediksi 24 jam hourly
2026-06-27 09:05:08 | BERHASIL | Hourly prediction selesai
2026-06-27 10:05:02 | BERHASIL | Fetch data hourly
2026-06-27 10:05:02 | BERHASIL | Kalibrasi data hourly
2026-06-27 10:05:03 | BERHASIL | Preprocessing data hourly
2026-06-27 10:05:08 | BERHASIL | Prediksi 24 jam hourly
2026-06-27 10:05:08 | BERHASIL | Hourly prediction selesai
2026-06-27 11:05:02 | BERHASIL | Fetch data hourly
2026-06-27 11:05:02 | BERHASIL | Kalibrasi data hourly
2026-06-27 11:05:03 | BERHASIL | Preprocessing data hourly
2026-06-27 11:05:08 | BERHASIL | Prediksi 24 jam hourly
2026-06-27 11:05:08 | BERHASIL | Hourly prediction selesai
2026-06-27 12:05:02 | BERHASIL | Fetch data hourly
2026-06-27 12:05:02 | BERHASIL | Kalibrasi data hourly
2026-06-27 12:05:03 | BERHASIL | Preprocessing data hourly
2026-06-27 12:05:10 | BERHASIL | Prediksi 24 jam hourly
2026-06-27 12:05:10 | BERHASIL | Hourly prediction selesai
2026-06-27 13:05:03 | BERHASIL | Fetch data hourly
2026-06-27 13:05:03 | BERHASIL | Kalibrasi data hourly
2026-06-27 13:05:04 | BERHASIL | Preprocessing data hourly
2026-06-27 13:05:08 | BERHASIL | Prediksi 24 jam hourly
2026-06-27 13:05:08 | BERHASIL | Hourly prediction selesai
2026-06-27 14:05:02 | BERHASIL | Fetch data hourly
2026-06-27 14:05:02 | BERHASIL | Kalibrasi data hourly
2026-06-27 14:05:03 | BERHASIL | Preprocessing data hourly
2026-06-27 14:05:07 | BERHASIL | Prediksi 24 jam hourly
2026-06-27 14:05:07 | BERHASIL | Hourly prediction selesai
2026-06-27 15:05:08 | BERHASIL | Fetch data hourly
2026-06-27 15:05:08 | BERHASIL | Kalibrasi data hourly
2026-06-27 15:05:09 | BERHASIL | Preprocessing data hourly
2026-06-27 15:05:14 | BERHASIL | Prediksi 24 jam hourly
2026-06-27 15:05:14 | BERHASIL | Hourly prediction selesai
2026-06-27 16:05:02 | BERHASIL | Fetch data hourly
2026-06-27 16:05:02 | BERHASIL | Kalibrasi data hourly
2026-06-27 16:05:03 | BERHASIL | Preprocessing data hourly
2026-06-27 16:05:10 | BERHASIL | Prediksi 24 jam hourly
2026-06-27 16:05:10 | BERHASIL | Hourly prediction selesai
2026-06-27 17:05:02 | BERHASIL | Fetch data hourly
2026-06-27 17:05:02 | BERHASIL | Kalibrasi data hourly
2026-06-27 17:05:03 | BERHASIL | Preprocessing data hourly
2026-06-27 17:05:08 | BERHASIL | Prediksi 24 jam hourly
2026-06-27 17:05:08 | BERHASIL | Hourly prediction selesai
2026-06-27 18:05:02 | BERHASIL | Fetch data hourly
2026-06-27 18:05:02 | BERHASIL | Kalibrasi data hourly
2026-06-27 18:05:03 | BERHASIL | Preprocessing data hourly
2026-06-27 18:05:08 | BERHASIL | Prediksi 24 jam hourly
2026-06-27 18:05:08 | BERHASIL | Hourly prediction selesai
2026-06-27 19:05:02 | BERHASIL | Fetch data hourly
2026-06-27 19:05:03 | BERHASIL | Kalibrasi data hourly
2026-06-27 19:05:03 | BERHASIL | Preprocessing data hourly
2026-06-27 19:05:08 | BERHASIL | Prediksi 24 jam hourly
2026-06-27 19:05:08 | BERHASIL | Hourly prediction selesai
2026-06-27 20:05:03 | BERHASIL | Fetch data hourly
2026-06-27 20:05:03 | BERHASIL | Kalibrasi data hourly
2026-06-27 20:05:04 | BERHASIL | Preprocessing data hourly
2026-06-27 20:05:08 | BERHASIL | Prediksi 24 jam hourly
2026-06-27 20:05:08 | BERHASIL | Hourly prediction selesai
2026-06-27 21:05:08 | BERHASIL | Fetch data hourly
2026-06-27 21:05:08 | BERHASIL | Kalibrasi data hourly
2026-06-27 21:05:09 | BERHASIL | Preprocessing data hourly
2026-06-27 21:05:14 | BERHASIL | Prediksi 24 jam hourly
2026-06-27 21:05:14 | BERHASIL | Hourly prediction selesai
2026-06-27 22:05:02 | BERHASIL | Fetch data hourly
2026-06-27 22:05:02 | BERHASIL | Kalibrasi data hourly
2026-06-27 22:05:03 | BERHASIL | Preprocessing data hourly
2026-06-27 22:05:08 | BERHASIL | Prediksi 24 jam hourly
2026-06-27 22:05:08 | BERHASIL | Hourly prediction selesai
2026-06-27 23:05:02 | BERHASIL | Fetch data hourly
2026-06-27 23:05:03 | BERHASIL | Kalibrasi data hourly
2026-06-27 23:05:04 | BERHASIL | Preprocessing data hourly
2026-06-27 23:05:10 | BERHASIL | Prediksi 24 jam hourly
2026-06-27 23:05:10 | BERHASIL | Hourly prediction selesai
2026-06-28 00:05:02 | BERHASIL | Fetch data hourly
2026-06-28 00:05:02 | BERHASIL | Kalibrasi data hourly
2026-06-28 00:05:03 | BERHASIL | Preprocessing data hourly
2026-06-28 00:05:08 | BERHASIL | Prediksi 24 jam hourly
2026-06-28 00:05:08 | BERHASIL | Hourly prediction selesai
2026-06-28 13:05:28 | BERHASIL | Fetch data hourly
2026-06-28 13:05:29 | BERHASIL | Kalibrasi data hourly
2026-06-28 13:05:32 | BERHASIL | Preprocessing data hourly
2026-06-28 13:05:43 | BERHASIL | Prediksi 24 jam hourly
2026-06-28 13:05:43 | BERHASIL | Hourly prediction selesai
2026-06-28 14:05:02 | BERHASIL | Fetch data hourly
2026-06-28 14:05:02 | BERHASIL | Kalibrasi data hourly
2026-06-28 14:05:03 | BERHASIL | Preprocessing data hourly
2026-06-28 14:05:09 | BERHASIL | Prediksi 24 jam hourly
2026-06-28 14:05:09 | BERHASIL | Hourly prediction selesai
2026-06-28 15:05:02 | BERHASIL | Fetch data hourly
2026-06-28 15:05:03 | BERHASIL | Kalibrasi data hourly
2026-06-28 15:05:03 | BERHASIL | Preprocessing data hourly
2026-06-28 15:05:08 | BERHASIL | Prediksi 24 jam hourly
2026-06-28 15:05:08 | BERHASIL | Hourly prediction selesai
2026-06-28 16:05:02 | BERHASIL | Fetch data hourly
2026-06-28 16:05:03 | BERHASIL | Kalibrasi data hourly
2026-06-28 16:05:03 | BERHASIL | Preprocessing data hourly
2026-06-28 16:05:08 | BERHASIL | Prediksi 24 jam hourly
2026-06-28 16:05:08 | BERHASIL | Hourly prediction selesai
2026-06-28 17:05:02 | BERHASIL | Fetch data hourly
2026-06-28 17:05:03 | BERHASIL | Kalibrasi data hourly
2026-06-28 17:05:03 | BERHASIL | Preprocessing data hourly
2026-06-28 17:05:08 | BERHASIL | Prediksi 24 jam hourly
2026-06-28 17:05:08 | BERHASIL | Hourly prediction selesai
2026-06-28 18:05:03 | BERHASIL | Fetch data hourly
2026-06-28 18:05:03 | BERHASIL | Kalibrasi data hourly
2026-06-28 18:05:04 | BERHASIL | Preprocessing data hourly
2026-06-28 18:05:09 | BERHASIL | Prediksi 24 jam hourly
2026-06-28 18:05:09 | BERHASIL | Hourly prediction selesai
2026-06-28 19:05:02 | BERHASIL | Fetch data hourly
2026-06-28 19:05:03 | BERHASIL | Kalibrasi data hourly
2026-06-28 19:05:03 | BERHASIL | Preprocessing data hourly
2026-06-28 19:05:08 | BERHASIL | Prediksi 24 jam hourly
2026-06-28 19:05:08 | BERHASIL | Hourly prediction selesai
2026-06-28 20:05:02 | BERHASIL | Fetch data hourly
2026-06-28 20:05:03 | BERHASIL | Kalibrasi data hourly
2026-06-28 20:05:03 | BERHASIL | Preprocessing data hourly
2026-06-28 20:05:08 | BERHASIL | Prediksi 24 jam hourly
2026-06-28 20:05:08 | BERHASIL | Hourly prediction selesai
2026-06-28 21:05:05 | BERHASIL | Fetch data hourly
2026-06-28 21:05:05 | BERHASIL | Kalibrasi data hourly
2026-06-28 21:05:06 | BERHASIL | Preprocessing data hourly
2026-06-28 21:05:11 | BERHASIL | Prediksi 24 jam hourly
2026-06-28 21:05:11 | BERHASIL | Hourly prediction selesai
2026-06-28 22:05:03 | BERHASIL | Fetch data hourly
2026-06-28 22:05:03 | BERHASIL | Kalibrasi data hourly
2026-06-28 22:05:04 | BERHASIL | Preprocessing data hourly
2026-06-28 22:05:10 | BERHASIL | Prediksi 24 jam hourly
2026-06-28 22:05:10 | BERHASIL | Hourly prediction selesai
2026-06-29 17:05:02 | BERHASIL | Fetch data hourly
2026-06-29 17:05:02 | BERHASIL | Kalibrasi data hourly
2026-06-29 17:05:03 | BERHASIL | Preprocessing data hourly
2026-06-29 17:05:08 | BERHASIL | Prediksi 24 jam hourly
2026-06-29 17:05:08 | BERHASIL | Hourly prediction selesai
2026-06-29 18:05:02 | BERHASIL | Fetch data hourly
2026-06-29 18:05:03 | BERHASIL | Kalibrasi data hourly
2026-06-29 18:05:03 | BERHASIL | Preprocessing data hourly
2026-06-29 18:05:08 | BERHASIL | Prediksi 24 jam hourly
2026-06-29 18:05:08 | BERHASIL | Hourly prediction selesai
2026-06-30 09:05:02 | BERHASIL | Fetch data hourly
2026-06-30 09:05:02 | BERHASIL | Kalibrasi data hourly
2026-06-30 09:05:03 | BERHASIL | Preprocessing data hourly
2026-06-30 09:05:08 | BERHASIL | Prediksi 24 jam hourly
2026-06-30 09:05:08 | BERHASIL | Hourly prediction selesai
2026-06-30 10:05:02 | BERHASIL | Fetch data hourly
2026-06-30 10:05:02 | BERHASIL | Kalibrasi data hourly
2026-06-30 10:05:03 | BERHASIL | Preprocessing data hourly
2026-06-30 10:05:08 | BERHASIL | Prediksi 24 jam hourly
2026-06-30 10:05:08 | BERHASIL | Hourly prediction selesai
2026-06-30 11:05:02 | BERHASIL | Fetch data hourly
2026-06-30 11:05:02 | BERHASIL | Kalibrasi data hourly
2026-06-30 11:05:03 | BERHASIL | Preprocessing data hourly
2026-06-30 11:05:07 | BERHASIL | Prediksi 24 jam hourly
2026-06-30 11:05:07 | BERHASIL | Hourly prediction selesai
2026-06-30 12:05:02 | BERHASIL | Fetch data hourly
2026-06-30 12:05:02 | BERHASIL | Kalibrasi data hourly
2026-06-30 12:05:03 | BERHASIL | Preprocessing data hourly
2026-06-30 12:05:08 | BERHASIL | Prediksi 24 jam hourly
2026-06-30 12:05:08 | BERHASIL | Hourly prediction selesai
2026-06-30 13:05:01 | BERHASIL | Fetch data hourly
2026-06-30 13:05:02 | BERHASIL | Kalibrasi data hourly
2026-06-30 13:05:02 | BERHASIL | Preprocessing data hourly
2026-06-30 13:05:07 | BERHASIL | Prediksi 24 jam hourly
2026-06-30 13:05:07 | BERHASIL | Hourly prediction selesai
2026-06-30 14:05:02 | BERHASIL | Fetch data hourly
2026-06-30 14:05:02 | BERHASIL | Kalibrasi data hourly
2026-06-30 14:05:03 | BERHASIL | Preprocessing data hourly
2026-06-30 14:05:07 | BERHASIL | Prediksi 24 jam hourly
2026-06-30 14:05:07 | BERHASIL | Hourly prediction selesai
2026-06-30 15:05:02 | BERHASIL | Fetch data hourly
2026-06-30 15:05:02 | BERHASIL | Kalibrasi data hourly
2026-06-30 15:05:03 | BERHASIL | Preprocessing data hourly
2026-06-30 15:05:08 | BERHASIL | Prediksi 24 jam hourly
2026-06-30 15:05:08 | BERHASIL | Hourly prediction selesai
2026-06-30 16:05:02 | BERHASIL | Fetch data hourly
2026-06-30 16:05:02 | BERHASIL | Kalibrasi data hourly
2026-06-30 16:05:02 | BERHASIL | Preprocessing data hourly
2026-06-30 17:05:02 | BERHASIL | Fetch data hourly
2026-06-30 17:05:03 | BERHASIL | Kalibrasi data hourly
2026-06-30 17:05:03 | BERHASIL | Preprocessing data hourly
2026-06-30 18:05:02 | BERHASIL | Fetch data hourly
2026-06-30 18:05:02 | BERHASIL | Kalibrasi data hourly
2026-06-30 18:05:03 | BERHASIL | Preprocessing data hourly
2026-06-30 19:05:03 | BERHASIL | Fetch data hourly
2026-06-30 19:05:03 | BERHASIL | Kalibrasi data hourly
2026-06-30 19:05:04 | BERHASIL | Preprocessing data hourly
2026-06-30 19:35:46 | BERHASIL | Fetch data hourly
2026-06-30 19:35:46 | BERHASIL | Kalibrasi data hourly
2026-06-30 19:35:47 | BERHASIL | Preprocessing data hourly
2026-06-30 19:42:26 | BERHASIL | Fetch data hourly
2026-06-30 19:42:26 | BERHASIL | Kalibrasi data hourly
2026-06-30 19:42:27 | BERHASIL | Preprocessing data hourly
2026-06-30 19:42:32 | BERHASIL | Prediksi 24 jam hourly
2026-06-30 19:42:32 | BERHASIL | Hourly prediction selesai
2026-06-30 20:05:03 | BERHASIL | Fetch data hourly
2026-06-30 20:05:03 | BERHASIL | Kalibrasi data hourly
2026-06-30 20:05:04 | BERHASIL | Preprocessing data hourly
2026-06-30 20:05:09 | BERHASIL | Prediksi 24 jam hourly
2026-06-30 20:05:09 | BERHASIL | Hourly prediction selesai
2026-06-30 21:05:02 | BERHASIL | Fetch data hourly
2026-06-30 21:05:02 | BERHASIL | Kalibrasi data hourly
2026-06-30 21:05:03 | BERHASIL | Preprocessing data hourly
2026-06-30 21:05:07 | BERHASIL | Prediksi 24 jam hourly
2026-06-30 21:05:07 | BERHASIL | Hourly prediction selesai
2026-06-30 22:05:02 | BERHASIL | Fetch data hourly
2026-06-30 22:05:02 | BERHASIL | Kalibrasi data hourly
2026-06-30 22:05:03 | BERHASIL | Preprocessing data hourly
2026-06-30 22:05:08 | BERHASIL | Prediksi 24 jam hourly
2026-06-30 22:05:08 | BERHASIL | Hourly prediction selesai
2026-06-30 23:05:02 | BERHASIL | Fetch data hourly
2026-06-30 23:05:02 | BERHASIL | Kalibrasi data hourly
2026-06-30 23:05:03 | BERHASIL | Preprocessing data hourly
2026-06-30 23:05:07 | BERHASIL | Prediksi 24 jam hourly
2026-06-30 23:05:07 | BERHASIL | Hourly prediction selesai
2026-07-01 00:05:02 | BERHASIL | Fetch data hourly
2026-07-01 00:05:02 | BERHASIL | Kalibrasi data hourly
2026-07-01 00:05:03 | BERHASIL | Preprocessing data hourly
2026-07-01 00:05:08 | BERHASIL | Prediksi 24 jam hourly
2026-07-01 00:05:08 | BERHASIL | Hourly prediction selesai
2026-07-01 01:05:02 | BERHASIL | Fetch data hourly
2026-07-01 01:05:02 | BERHASIL | Kalibrasi data hourly
2026-07-01 01:05:03 | BERHASIL | Preprocessing data hourly
2026-07-01 01:05:07 | BERHASIL | Prediksi 24 jam hourly
2026-07-01 01:05:07 | BERHASIL | Hourly prediction selesai
2026-07-01 03:05:02 | BERHASIL | Fetch data hourly
2026-07-01 03:05:02 | BERHASIL | Kalibrasi data hourly
2026-07-01 03:05:03 | BERHASIL | Preprocessing data hourly
2026-07-01 03:05:08 | BERHASIL | Prediksi 24 jam hourly
2026-07-01 03:05:08 | BERHASIL | Hourly prediction selesai
2026-07-01 04:05:02 | BERHASIL | Fetch data hourly
2026-07-01 04:05:02 | BERHASIL | Kalibrasi data hourly
2026-07-01 04:05:03 | BERHASIL | Preprocessing data hourly
2026-07-01 04:05:07 | BERHASIL | Prediksi 24 jam hourly
2026-07-01 04:05:07 | BERHASIL | Hourly prediction selesai
2026-07-01 05:05:02 | BERHASIL | Fetch data hourly
2026-07-01 05:05:02 | BERHASIL | Kalibrasi data hourly
2026-07-01 05:05:03 | BERHASIL | Preprocessing data hourly
2026-07-01 05:05:07 | BERHASIL | Prediksi 24 jam hourly
2026-07-01 05:05:07 | BERHASIL | Hourly prediction selesai
2026-07-01 06:05:02 | BERHASIL | Fetch data hourly
2026-07-01 06:05:03 | BERHASIL | Kalibrasi data hourly
2026-07-01 06:05:03 | BERHASIL | Preprocessing data hourly
2026-07-01 06:05:08 | BERHASIL | Prediksi 24 jam hourly
2026-07-01 06:05:08 | BERHASIL | Hourly prediction selesai
2026-07-01 07:05:02 | BERHASIL | Fetch data hourly
2026-07-01 07:05:02 | BERHASIL | Kalibrasi data hourly
2026-07-01 07:05:03 | BERHASIL | Preprocessing data hourly
2026-07-01 07:05:07 | BERHASIL | Prediksi 24 jam hourly
2026-07-01 07:05:07 | BERHASIL | Hourly prediction selesai
2026-07-01 08:05:02 | BERHASIL | Fetch data hourly
2026-07-01 08:05:02 | BERHASIL | Kalibrasi data hourly
2026-07-01 08:05:03 | BERHASIL | Preprocessing data hourly
2026-07-01 08:05:08 | BERHASIL | Prediksi 24 jam hourly
2026-07-01 08:05:08 | BERHASIL | Hourly prediction selesai
2026-07-01 09:05:01 | BERHASIL | Fetch data hourly
2026-07-01 09:05:02 | BERHASIL | Kalibrasi data hourly
2026-07-01 09:05:02 | BERHASIL | Preprocessing data hourly
2026-07-01 09:05:07 | BERHASIL | Prediksi 24 jam hourly
2026-07-01 09:05:07 | BERHASIL | Hourly prediction selesai
2026-07-01 10:05:02 | BERHASIL | Fetch data hourly
2026-07-01 10:05:02 | BERHASIL | Kalibrasi data hourly
2026-07-01 10:05:03 | BERHASIL | Preprocessing data hourly
2026-07-01 10:05:08 | BERHASIL | Prediksi 24 jam hourly
2026-07-01 10:05:08 | BERHASIL | Hourly prediction selesai
2026-07-01 10:09:38 | BERHASIL | Fetch data daily
2026-07-01 10:09:39 | BERHASIL | Preprocessing data daily
2026-07-01 10:09:58 | BERHASIL | Training RNN
2026-07-01 10:10:04 | BERHASIL | Evaluasi dan plot model
2026-07-01 10:10:16 | BERHASIL | Prediksi 7 hari
2026-07-01 10:10:21 | BERHASIL | Prediksi 24 jam daily
2026-07-01 10:10:21 | BERHASIL | Daily pipeline selesai
2026-07-01 11:05:02 | BERHASIL | Fetch data hourly
2026-07-01 11:05:02 | BERHASIL | Kalibrasi data hourly
2026-07-01 11:05:03 | BERHASIL | Preprocessing data hourly
2026-07-01 11:05:07 | BERHASIL | Prediksi 24 jam hourly
2026-07-01 11:05:07 | BERHASIL | Hourly prediction selesai
2026-07-01 12:05:02 | BERHASIL | Fetch data hourly
2026-07-01 12:05:02 | BERHASIL | Kalibrasi data hourly
2026-07-01 12:05:03 | BERHASIL | Preprocessing data hourly
2026-07-01 12:05:07 | BERHASIL | Prediksi 24 jam hourly
2026-07-01 12:05:07 | BERHASIL | Hourly prediction selesai
2026-07-01 13:05:02 | BERHASIL | Fetch data hourly
2026-07-01 13:05:03 | BERHASIL | Kalibrasi data hourly
2026-07-01 13:05:03 | BERHASIL | Preprocessing data hourly
2026-07-01 13:05:08 | BERHASIL | Prediksi 24 jam hourly
2026-07-01 13:05:08 | BERHASIL | Hourly prediction selesai
2026-07-01 14:05:02 | BERHASIL | Fetch data hourly
2026-07-01 14:05:02 | BERHASIL | Kalibrasi data hourly
2026-07-01 14:05:03 | BERHASIL | Preprocessing data hourly
2026-07-01 14:05:08 | BERHASIL | Prediksi 24 jam hourly
2026-07-01 14:05:08 | BERHASIL | Hourly prediction selesai
2026-07-07 17:05:02 | BERHASIL | Fetch data hourly
2026-07-07 17:05:02 | BERHASIL | Kalibrasi data hourly
2026-07-07 18:05:02 | BERHASIL | Fetch data hourly
2026-07-07 18:05:03 | BERHASIL | Kalibrasi data hourly
2026-07-07 18:05:04 | BERHASIL | Preprocessing data hourly
2026-07-07 18:05:10 | BERHASIL | Prediksi 24 jam hourly
2026-07-07 18:05:10 | BERHASIL | Hourly prediction selesai
2026-07-08 10:05:02 | BERHASIL | Fetch data hourly
2026-07-08 10:05:02 | BERHASIL | Kalibrasi data hourly
2026-07-08 10:05:03 | BERHASIL | Preprocessing data hourly
2026-07-08 10:05:08 | BERHASIL | Prediksi 24 jam hourly
2026-07-08 10:05:08 | BERHASIL | Hourly prediction selesai
2026-07-08 11:05:01 | BERHASIL | Fetch data hourly
2026-07-08 11:05:02 | BERHASIL | Kalibrasi data hourly
2026-07-08 11:05:02 | BERHASIL | Preprocessing data hourly
2026-07-08 11:05:07 | BERHASIL | Prediksi 24 jam hourly
2026-07-08 11:05:07 | BERHASIL | Hourly prediction selesai
2026-07-08 12:05:02 | BERHASIL | Fetch data hourly
2026-07-08 12:05:02 | BERHASIL | Kalibrasi data hourly
2026-07-08 12:05:03 | BERHASIL | Preprocessing data hourly
2026-07-08 12:05:08 | BERHASIL | Prediksi 24 jam hourly
2026-07-08 12:05:08 | BERHASIL | Hourly prediction selesai
2026-07-08 13:05:02 | BERHASIL | Fetch data hourly
2026-07-08 13:05:02 | BERHASIL | Kalibrasi data hourly
2026-07-08 13:05:03 | BERHASIL | Preprocessing data hourly
2026-07-08 13:05:07 | BERHASIL | Prediksi 24 jam hourly
2026-07-08 13:05:07 | BERHASIL | Hourly prediction selesai
2026-07-08 14:05:02 | BERHASIL | Fetch data hourly
2026-07-08 14:05:02 | BERHASIL | Kalibrasi data hourly
2026-07-08 14:05:03 | BERHASIL | Preprocessing data hourly
2026-07-08 14:05:08 | BERHASIL | Prediksi 24 jam hourly
2026-07-08 14:05:08 | BERHASIL | Hourly prediction selesai
2026-07-08 15:05:02 | BERHASIL | Fetch data hourly
2026-07-08 15:05:02 | BERHASIL | Kalibrasi data hourly
2026-07-08 15:05:03 | BERHASIL | Preprocessing data hourly
2026-07-08 15:05:08 | BERHASIL | Prediksi 24 jam hourly
2026-07-08 15:05:08 | BERHASIL | Hourly prediction selesai
2026-07-09 12:05:02 | BERHASIL | Fetch data hourly
2026-07-09 12:05:03 | BERHASIL | Kalibrasi data hourly
2026-07-09 12:05:03 | BERHASIL | Preprocessing data hourly
2026-07-09 12:05:08 | BERHASIL | Prediksi 24 jam hourly
2026-07-09 12:05:08 | BERHASIL | Hourly prediction selesai
2026-07-09 13:05:02 | BERHASIL | Fetch data hourly
2026-07-09 13:05:02 | BERHASIL | Kalibrasi data hourly
2026-07-09 13:05:03 | BERHASIL | Preprocessing data hourly
2026-07-09 13:05:08 | BERHASIL | Prediksi 24 jam hourly
2026-07-09 13:05:08 | BERHASIL | Hourly prediction selesai
2026-07-09 14:05:02 | BERHASIL | Fetch data hourly
2026-07-09 14:05:02 | BERHASIL | Kalibrasi data hourly
2026-07-09 14:05:03 | BERHASIL | Preprocessing data hourly
2026-07-09 14:05:08 | BERHASIL | Prediksi 24 jam hourly
2026-07-09 14:05:08 | BERHASIL | Hourly prediction selesai
2026-07-09 15:05:02 | BERHASIL | Fetch data hourly
2026-07-09 15:05:02 | BERHASIL | Kalibrasi data hourly
2026-07-09 15:05:03 | BERHASIL | Preprocessing data hourly
2026-07-09 15:05:07 | BERHASIL | Prediksi 24 jam hourly
2026-07-09 15:05:07 | BERHASIL | Hourly prediction selesai
2026-07-09 16:05:02 | BERHASIL | Fetch data hourly
2026-07-09 16:05:02 | BERHASIL | Kalibrasi data hourly
2026-07-09 16:05:03 | BERHASIL | Preprocessing data hourly
2026-07-09 16:05:08 | BERHASIL | Prediksi 24 jam hourly
2026-07-09 16:05:08 | BERHASIL | Hourly prediction selesai
2026-07-09 17:05:02 | BERHASIL | Fetch data hourly
2026-07-09 17:05:02 | BERHASIL | Kalibrasi data hourly
2026-07-09 17:05:03 | BERHASIL | Preprocessing data hourly
2026-07-09 17:05:08 | BERHASIL | Prediksi 24 jam hourly
2026-07-09 17:05:08 | BERHASIL | Hourly prediction selesai
2026-07-09 18:05:01 | BERHASIL | Fetch data hourly
2026-07-09 18:05:02 | BERHASIL | Kalibrasi data hourly
2026-07-09 18:05:02 | BERHASIL | Preprocessing data hourly
2026-07-09 18:05:07 | BERHASIL | Prediksi 24 jam hourly
2026-07-09 18:05:07 | BERHASIL | Hourly prediction selesai
2026-07-09 19:05:02 | BERHASIL | Fetch data hourly
2026-07-09 19:05:02 | BERHASIL | Kalibrasi data hourly
2026-07-09 19:05:03 | BERHASIL | Preprocessing data hourly
2026-07-09 19:05:08 | BERHASIL | Prediksi 24 jam hourly
2026-07-09 19:05:08 | BERHASIL | Hourly prediction selesai
2026-07-09 20:05:02 | BERHASIL | Fetch data hourly
2026-07-09 20:05:02 | BERHASIL | Kalibrasi data hourly
2026-07-09 20:05:03 | BERHASIL | Preprocessing data hourly
2026-07-09 20:05:07 | BERHASIL | Prediksi 24 jam hourly
2026-07-09 20:05:07 | BERHASIL | Hourly prediction selesai
2026-07-11 11:05:03 | BERHASIL | Fetch data hourly
2026-07-11 11:05:03 | BERHASIL | Kalibrasi data hourly
2026-07-11 11:05:04 | BERHASIL | Preprocessing data hourly
2026-07-11 11:05:09 | BERHASIL | Prediksi 24 jam hourly
2026-07-11 11:05:09 | BERHASIL | Hourly prediction selesai
2026-07-11 12:05:39 | BERHASIL | Fetch data hourly
2026-07-11 12:05:39 | BERHASIL | Kalibrasi data hourly
2026-07-11 12:05:40 | BERHASIL | Preprocessing data hourly
2026-07-11 13:05:02 | BERHASIL | Fetch data hourly
2026-07-11 13:05:02 | BERHASIL | Kalibrasi data hourly
2026-07-11 13:05:03 | BERHASIL | Preprocessing data hourly
2026-07-11 14:05:02 | BERHASIL | Fetch data hourly
2026-07-11 14:05:02 | BERHASIL | Kalibrasi data hourly
2026-07-11 14:05:03 | BERHASIL | Preprocessing data hourly
2026-07-11 14:05:09 | BERHASIL | Prediksi 24 jam hourly
2026-07-11 14:05:09 | BERHASIL | Hourly prediction selesai
2026-07-11 15:05:02 | BERHASIL | Fetch data hourly
2026-07-11 15:05:03 | BERHASIL | Kalibrasi data hourly
2026-07-11 15:05:03 | BERHASIL | Preprocessing data hourly
2026-07-11 15:05:10 | BERHASIL | Prediksi 24 jam hourly
2026-07-11 15:05:10 | BERHASIL | Hourly prediction selesai
2026-07-11 16:05:02 | BERHASIL | Fetch data hourly
2026-07-11 16:05:02 | BERHASIL | Kalibrasi data hourly
2026-07-11 16:05:03 | BERHASIL | Preprocessing data hourly
2026-07-11 16:05:09 | BERHASIL | Prediksi 24 jam hourly
2026-07-11 16:05:09 | BERHASIL | Hourly prediction selesai
2026-07-11 17:05:02 | BERHASIL | Fetch data hourly
2026-07-11 17:05:02 | BERHASIL | Kalibrasi data hourly
2026-07-11 17:05:03 | BERHASIL | Preprocessing data hourly
2026-07-11 17:05:10 | BERHASIL | Prediksi 24 jam hourly
2026-07-11 17:05:10 | BERHASIL | Hourly prediction selesai
2026-07-11 18:05:02 | BERHASIL | Fetch data hourly
2026-07-11 18:05:02 | BERHASIL | Kalibrasi data hourly
2026-07-11 18:05:03 | BERHASIL | Preprocessing data hourly
2026-07-11 18:05:09 | BERHASIL | Prediksi 24 jam hourly
2026-07-11 18:05:09 | BERHASIL | Hourly prediction selesai
2026-07-11 19:05:03 | BERHASIL | Fetch data hourly
2026-07-11 19:05:03 | BERHASIL | Kalibrasi data hourly
2026-07-11 19:05:04 | BERHASIL | Preprocessing data hourly
2026-07-11 19:05:10 | BERHASIL | Prediksi 24 jam hourly
2026-07-11 19:05:10 | BERHASIL | Hourly prediction selesai
2026-07-11 20:05:02 | BERHASIL | Fetch data hourly
2026-07-11 20:05:02 | BERHASIL | Kalibrasi data hourly
2026-07-11 20:05:03 | BERHASIL | Preprocessing data hourly
2026-07-11 20:05:09 | BERHASIL | Prediksi 24 jam hourly
2026-07-11 20:05:09 | BERHASIL | Hourly prediction selesai
2026-07-11 21:05:02 | BERHASIL | Fetch data hourly
2026-07-11 21:05:03 | BERHASIL | Kalibrasi data hourly
2026-07-11 21:05:03 | BERHASIL | Preprocessing data hourly
2026-07-11 21:05:10 | BERHASIL | Prediksi 24 jam hourly
2026-07-11 21:05:10 | BERHASIL | Hourly prediction selesai
2026-07-11 22:05:02 | BERHASIL | Fetch data hourly
2026-07-11 22:05:02 | BERHASIL | Kalibrasi data hourly
2026-07-11 22:05:03 | BERHASIL | Preprocessing data hourly
2026-07-11 22:05:09 | BERHASIL | Prediksi 24 jam hourly
2026-07-11 22:05:09 | BERHASIL | Hourly prediction selesai
2026-07-11 23:05:07 | BERHASIL | Fetch data hourly
2026-07-11 23:05:08 | BERHASIL | Kalibrasi data hourly
2026-07-11 23:05:08 | BERHASIL | Preprocessing data hourly
2026-07-11 23:05:15 | BERHASIL | Prediksi 24 jam hourly
2026-07-11 23:05:15 | BERHASIL | Hourly prediction selesai
2026-07-12 00:05:02 | BERHASIL | Fetch data hourly
2026-07-12 00:05:02 | BERHASIL | Kalibrasi data hourly
2026-07-12 00:05:03 | BERHASIL | Preprocessing data hourly
2026-07-12 00:05:09 | BERHASIL | Prediksi 24 jam hourly
2026-07-12 00:05:09 | BERHASIL | Hourly prediction selesai
2026-07-12 01:05:02 | BERHASIL | Fetch data hourly
2026-07-12 01:05:02 | BERHASIL | Kalibrasi data hourly
2026-07-12 01:05:03 | BERHASIL | Preprocessing data hourly
2026-07-12 01:05:09 | BERHASIL | Prediksi 24 jam hourly
2026-07-12 01:05:09 | BERHASIL | Hourly prediction selesai
2026-07-12 02:00:02 | BERHASIL | Fetch data daily
2026-07-12 02:00:03 | BERHASIL | Preprocessing data daily
2026-07-12 02:00:37 | BERHASIL | Training RNN
2026-07-12 02:00:41 | BERHASIL | Evaluasi dan plot model
2026-07-12 02:00:53 | BERHASIL | Prediksi 7 hari
2026-07-12 02:00:59 | BERHASIL | Prediksi 24 jam daily
2026-07-12 02:00:59 | BERHASIL | Daily pipeline selesai
2026-07-12 03:05:02 | BERHASIL | Fetch data hourly
2026-07-12 03:05:03 | BERHASIL | Kalibrasi data hourly
2026-07-12 03:05:03 | BERHASIL | Preprocessing data hourly
2026-07-12 03:05:10 | BERHASIL | Prediksi 24 jam hourly
2026-07-12 03:05:10 | BERHASIL | Hourly prediction selesai
2026-07-12 04:05:02 | BERHASIL | Fetch data hourly
2026-07-12 04:05:02 | BERHASIL | Kalibrasi data hourly
2026-07-12 04:05:03 | BERHASIL | Preprocessing data hourly
2026-07-12 04:05:09 | BERHASIL | Prediksi 24 jam hourly
2026-07-12 04:05:09 | BERHASIL | Hourly prediction selesai
2026-07-12 05:05:02 | BERHASIL | Fetch data hourly
2026-07-12 05:05:03 | BERHASIL | Kalibrasi data hourly
2026-07-12 05:05:03 | BERHASIL | Preprocessing data hourly
2026-07-12 05:05:10 | BERHASIL | Prediksi 24 jam hourly
2026-07-12 05:05:10 | BERHASIL | Hourly prediction selesai
2026-07-12 06:05:07 | BERHASIL | Fetch data hourly
2026-07-12 06:05:07 | BERHASIL | Kalibrasi data hourly
2026-07-12 06:05:08 | BERHASIL | Preprocessing data hourly
2026-07-12 06:05:14 | BERHASIL | Prediksi 24 jam hourly
2026-07-12 06:05:14 | BERHASIL | Hourly prediction selesai
2026-07-12 07:05:03 | BERHASIL | Fetch data hourly
2026-07-12 07:05:03 | BERHASIL | Kalibrasi data hourly
2026-07-12 07:05:03 | BERHASIL | Preprocessing data hourly
2026-07-12 07:05:10 | BERHASIL | Prediksi 24 jam hourly
2026-07-12 07:05:10 | BERHASIL | Hourly prediction selesai
2026-07-12 08:05:02 | BERHASIL | Fetch data hourly
2026-07-12 08:05:02 | BERHASIL | Kalibrasi data hourly
2026-07-12 08:05:03 | BERHASIL | Preprocessing data hourly
2026-07-12 08:05:09 | BERHASIL | Prediksi 24 jam hourly
2026-07-12 08:05:09 | BERHASIL | Hourly prediction selesai
2026-07-12 09:05:02 | BERHASIL | Fetch data hourly
2026-07-12 09:05:03 | BERHASIL | Kalibrasi data hourly
2026-07-12 09:05:03 | BERHASIL | Preprocessing data hourly
2026-07-12 09:05:10 | BERHASIL | Prediksi 24 jam hourly
2026-07-12 09:05:10 | BERHASIL | Hourly prediction selesai
2026-07-12 10:01:29 | BERHASIL | Fetch data daily
2026-07-12 10:01:30 | BERHASIL | Preprocessing data daily
2026-07-12 10:02:06 | BERHASIL | Training RNN
2026-07-12 10:02:11 | BERHASIL | Evaluasi dan plot model
2026-07-12 10:05:02 | BERHASIL | Fetch data hourly
2026-07-12 10:05:03 | BERHASIL | Kalibrasi data hourly
2026-07-12 10:05:03 | BERHASIL | Preprocessing data hourly
2026-07-12 10:05:11 | BERHASIL | Prediksi 24 jam hourly
2026-07-12 10:05:11 | BERHASIL | Hourly prediction selesai
2026-07-12 10:05:59 | BERHASIL | generate rnn prediksi
2026-07-12 10:06:00 | GAGAL | buat database anfis
2026-07-12 10:06:00 | GAGAL | Daily pipeline gagal
2026-07-12 10:18:40 | BERHASIL | Fetch data daily
2026-07-12 10:18:40 | BERHASIL | Preprocessing data daily
2026-07-12 10:19:16 | BERHASIL | Training RNN
2026-07-12 10:19:21 | BERHASIL | Evaluasi dan plot model
2026-07-12 10:23:08 | BERHASIL | generate rnn prediksi
2026-07-12 10:23:08 | BERHASIL | buat database anfis
2026-07-12 10:23:09 | BERHASIL | preprcessing dataset untuk anfis
2026-07-12 10:26:09 | BERHASIL | training anfis
2026-07-12 10:26:15 | BERHASIL | evaluasi model anfis
2026-07-12 10:26:26 | BERHASIL | Prediksi 7 hari
2026-07-12 10:26:33 | BERHASIL | Prediksi 24 jam daily
2026-07-12 10:26:33 | BERHASIL | Daily pipeline selesai
2026-07-12 11:05:03 | BERHASIL | Fetch data hourly
2026-07-12 11:05:03 | BERHASIL | Kalibrasi data hourly
2026-07-12 11:05:04 | BERHASIL | Preprocessing data hourly
2026-07-12 11:05:11 | BERHASIL | Prediksi 24 jam hourly
2026-07-12 11:05:11 | BERHASIL | Hourly prediction selesai
2026-07-12 11:31:49 | BERHASIL | Fetch data daily
2026-07-12 11:31:49 | BERHASIL | Preprocessing data daily
2026-07-12 11:32:27 | BERHASIL | Training RNN
2026-07-12 11:32:32 | BERHASIL | Evaluasi dan plot model
2026-07-12 11:36:22 | BERHASIL | generate rnn prediksi
2026-07-12 11:36:23 | BERHASIL | buat database anfis
2026-07-12 11:36:24 | BERHASIL | preprcessing dataset untuk anfis
2026-07-12 11:40:16 | BERHASIL | training anfis
2026-07-12 11:40:21 | BERHASIL | evaluasi model anfis
2026-07-12 11:40:34 | BERHASIL | Prediksi 7 hari
2026-07-12 11:40:40 | BERHASIL | Prediksi 24 jam daily
2026-07-12 11:40:40 | BERHASIL | Daily pipeline selesai
2026-07-12 11:59:03 | BERHASIL | Fetch data daily
2026-07-12 11:59:04 | BERHASIL | Preprocessing data daily
2026-07-12 11:59:41 | BERHASIL | Training RNN
2026-07-12 11:59:44 | GAGAL | Evaluasi dan plot model
2026-07-12 11:59:44 | GAGAL | Daily pipeline gagal
2026-07-12 12:05:02 | BERHASIL | Fetch data hourly
2026-07-12 12:05:02 | BERHASIL | Kalibrasi data hourly
2026-07-12 12:05:03 | BERHASIL | Preprocessing data hourly
2026-07-12 12:05:12 | BERHASIL | Prediksi 24 jam hourly
2026-07-12 12:05:12 | BERHASIL | Hourly prediction selesai
2026-07-12 12:07:31 | BERHASIL | Fetch data daily
2026-07-12 12:07:32 | BERHASIL | Preprocessing data daily
2026-07-12 12:08:01 | BERHASIL | Training RNN
2026-07-12 12:08:06 | BERHASIL | Evaluasi dan plot model
2026-07-12 12:11:58 | BERHASIL | generate rnn prediksi
2026-07-12 12:11:58 | BERHASIL | buat database anfis
2026-07-12 12:11:59 | BERHASIL | preprcessing dataset untuk anfis
2026-07-12 12:14:15 | BERHASIL | training anfis
2026-07-12 12:14:20 | BERHASIL | evaluasi model anfis
2026-07-12 12:14:32 | BERHASIL | Prediksi 7 hari
2026-07-12 12:14:38 | BERHASIL | Prediksi 24 jam daily
2026-07-12 12:14:38 | BERHASIL | Daily pipeline selesai
2026-07-12 13:05:02 | BERHASIL | Fetch data hourly
2026-07-12 13:05:03 | BERHASIL | Kalibrasi data hourly
2026-07-12 13:05:03 | BERHASIL | Preprocessing data hourly
2026-07-12 13:05:10 | BERHASIL | Prediksi 24 jam hourly
2026-07-12 13:05:10 | BERHASIL | Hourly prediction selesai
2026-07-12 14:05:07 | BERHASIL | Fetch data hourly
2026-07-12 14:05:08 | BERHASIL | Kalibrasi data hourly
2026-07-12 14:05:08 | BERHASIL | Preprocessing data hourly
2026-07-12 14:05:15 | BERHASIL | Prediksi 24 jam hourly
2026-07-12 14:05:15 | BERHASIL | Hourly prediction selesai
2026-07-12 15:05:02 | BERHASIL | Fetch data hourly
2026-07-12 15:05:03 | BERHASIL | Kalibrasi data hourly
2026-07-12 15:05:03 | BERHASIL | Preprocessing data hourly
2026-07-12 15:05:10 | BERHASIL | Prediksi 24 jam hourly
2026-07-12 15:05:10 | BERHASIL | Hourly prediction selesai
2026-07-12 16:05:03 | BERHASIL | Fetch data hourly
2026-07-12 16:05:03 | BERHASIL | Kalibrasi data hourly
2026-07-12 16:05:04 | BERHASIL | Preprocessing data hourly
2026-07-12 16:05:12 | BERHASIL | Prediksi 24 jam hourly
2026-07-12 16:05:12 | BERHASIL | Hourly prediction selesai
2026-07-12 17:05:02 | BERHASIL | Fetch data hourly
2026-07-12 17:05:02 | BERHASIL | Kalibrasi data hourly
2026-07-12 17:05:03 | BERHASIL | Preprocessing data hourly
2026-07-12 17:05:10 | BERHASIL | Prediksi 24 jam hourly
2026-07-12 17:05:10 | BERHASIL | Hourly prediction selesai
2026-07-12 18:05:02 | BERHASIL | Fetch data hourly
2026-07-12 18:05:02 | BERHASIL | Kalibrasi data hourly
2026-07-12 18:05:03 | BERHASIL | Preprocessing data hourly
2026-07-12 18:05:09 | BERHASIL | Prediksi 24 jam hourly
2026-07-12 18:05:09 | BERHASIL | Hourly prediction selesai
2026-07-12 19:05:02 | BERHASIL | Fetch data hourly
2026-07-12 19:05:02 | BERHASIL | Kalibrasi data hourly
2026-07-12 19:05:03 | BERHASIL | Preprocessing data hourly
2026-07-12 19:05:10 | BERHASIL | Prediksi 24 jam hourly
2026-07-12 19:05:10 | BERHASIL | Hourly prediction selesai
2026-07-12 20:05:02 | BERHASIL | Fetch data hourly
2026-07-12 20:05:02 | BERHASIL | Kalibrasi data hourly
2026-07-12 20:05:03 | BERHASIL | Preprocessing data hourly
2026-07-12 20:05:09 | BERHASIL | Prediksi 24 jam hourly
2026-07-12 20:05:09 | BERHASIL | Hourly prediction selesai
2026-07-12 21:05:02 | BERHASIL | Fetch data hourly
2026-07-12 21:05:03 | BERHASIL | Kalibrasi data hourly
2026-07-12 21:05:03 | BERHASIL | Preprocessing data hourly
2026-07-12 21:05:10 | BERHASIL | Prediksi 24 jam hourly
2026-07-12 21:05:10 | BERHASIL | Hourly prediction selesai
2026-07-12 22:05:02 | BERHASIL | Fetch data hourly
2026-07-12 22:05:02 | BERHASIL | Kalibrasi data hourly
2026-07-12 22:05:03 | BERHASIL | Preprocessing data hourly
2026-07-12 22:05:09 | BERHASIL | Prediksi 24 jam hourly
2026-07-12 22:05:09 | BERHASIL | Hourly prediction selesai
2026-07-12 23:05:03 | BERHASIL | Fetch data hourly
2026-07-12 23:05:03 | BERHASIL | Kalibrasi data hourly
2026-07-12 23:05:04 | BERHASIL | Preprocessing data hourly
2026-07-12 23:05:11 | BERHASIL | Prediksi 24 jam hourly
2026-07-12 23:05:11 | BERHASIL | Hourly prediction selesai
2026-07-13 00:05:02 | BERHASIL | Fetch data hourly
2026-07-13 00:05:02 | BERHASIL | Kalibrasi data hourly
2026-07-13 00:05:03 | BERHASIL | Preprocessing data hourly
2026-07-13 00:05:09 | BERHASIL | Prediksi 24 jam hourly
2026-07-13 00:05:09 | BERHASIL | Hourly prediction selesai
2026-07-13 01:05:02 | BERHASIL | Fetch data hourly
2026-07-13 01:05:03 | BERHASIL | Kalibrasi data hourly
2026-07-13 01:05:03 | BERHASIL | Preprocessing data hourly
2026-07-13 01:05:10 | BERHASIL | Prediksi 24 jam hourly
2026-07-13 01:05:10 | BERHASIL | Hourly prediction selesai
2026-07-13 02:00:02 | BERHASIL | Fetch data daily
2026-07-13 02:00:02 | BERHASIL | Preprocessing data daily
2026-07-13 02:00:43 | BERHASIL | Training RNN
2026-07-13 02:00:48 | BERHASIL | Evaluasi dan plot model
2026-07-13 02:05:12 | BERHASIL | generate rnn prediksi
2026-07-13 02:05:13 | BERHASIL | buat database anfis
2026-07-13 02:05:13 | BERHASIL | preprcessing dataset untuk anfis
2026-07-13 02:08:12 | BERHASIL | training anfis
2026-07-13 02:08:18 | BERHASIL | evaluasi model anfis
2026-07-13 02:08:30 | BERHASIL | Prediksi 7 hari
2026-07-13 02:08:36 | BERHASIL | Prediksi 24 jam daily
2026-07-13 02:08:36 | BERHASIL | Daily pipeline selesai
2026-07-13 03:05:02 | BERHASIL | Fetch data hourly
2026-07-13 03:05:02 | BERHASIL | Kalibrasi data hourly
2026-07-13 03:05:03 | BERHASIL | Preprocessing data hourly
2026-07-13 03:05:09 | BERHASIL | Prediksi 24 jam hourly
2026-07-13 03:05:09 | BERHASIL | Hourly prediction selesai
2026-07-13 04:05:02 | BERHASIL | Fetch data hourly
2026-07-13 04:05:02 | BERHASIL | Kalibrasi data hourly
2026-07-13 04:05:03 | BERHASIL | Preprocessing data hourly
2026-07-13 04:05:09 | BERHASIL | Prediksi 24 jam hourly
2026-07-13 04:05:09 | BERHASIL | Hourly prediction selesai
2026-07-13 05:05:02 | BERHASIL | Fetch data hourly
2026-07-13 05:05:03 | BERHASIL | Kalibrasi data hourly
2026-07-13 05:05:03 | BERHASIL | Preprocessing data hourly
2026-07-13 05:05:10 | BERHASIL | Prediksi 24 jam hourly
2026-07-13 05:05:10 | BERHASIL | Hourly prediction selesai
2026-07-13 06:05:02 | BERHASIL | Fetch data hourly
2026-07-13 06:05:02 | BERHASIL | Kalibrasi data hourly
2026-07-13 06:05:03 | BERHASIL | Preprocessing data hourly
2026-07-13 06:05:09 | BERHASIL | Prediksi 24 jam hourly
2026-07-13 06:05:09 | BERHASIL | Hourly prediction selesai
2026-07-13 07:05:02 | BERHASIL | Fetch data hourly
2026-07-13 07:05:02 | BERHASIL | Kalibrasi data hourly
2026-07-13 07:05:03 | BERHASIL | Preprocessing data hourly
2026-07-13 07:05:09 | BERHASIL | Prediksi 24 jam hourly
2026-07-13 07:05:09 | BERHASIL | Hourly prediction selesai
2026-07-13 08:05:02 | BERHASIL | Fetch data hourly
2026-07-13 08:05:03 | BERHASIL | Kalibrasi data hourly
2026-07-13 08:05:03 | BERHASIL | Preprocessing data hourly
2026-07-13 08:05:10 | BERHASIL | Prediksi 24 jam hourly
2026-07-13 08:05:10 | BERHASIL | Hourly prediction selesai
2026-07-13 09:05:02 | BERHASIL | Fetch data hourly
2026-07-13 09:05:02 | BERHASIL | Kalibrasi data hourly
2026-07-13 09:05:03 | BERHASIL | Preprocessing data hourly
2026-07-13 09:05:09 | BERHASIL | Prediksi 24 jam hourly
2026-07-13 09:05:09 | BERHASIL | Hourly prediction selesai
2026-07-13 10:05:02 | BERHASIL | Fetch data hourly
2026-07-13 10:05:02 | BERHASIL | Kalibrasi data hourly
2026-07-13 10:05:03 | BERHASIL | Preprocessing data hourly
2026-07-13 10:05:09 | BERHASIL | Prediksi 24 jam hourly
2026-07-13 10:05:09 | BERHASIL | Hourly prediction selesai
2026-07-13 10:07:42 | BERHASIL | Fetch data daily
2026-07-13 10:07:43 | BERHASIL | Preprocessing data daily
2026-07-13 10:08:26 | BERHASIL | Training RNN
2026-07-13 10:08:31 | BERHASIL | Evaluasi dan plot model
2026-07-13 10:12:58 | BERHASIL | generate rnn prediksi
2026-07-13 10:12:59 | BERHASIL | buat database anfis
2026-07-13 10:13:00 | BERHASIL | preprcessing dataset untuk anfis
2026-07-13 10:15:51 | BERHASIL | training anfis
2026-07-13 10:15:57 | BERHASIL | evaluasi model anfis
2026-07-13 10:16:09 | BERHASIL | Prediksi 7 hari
2026-07-13 10:16:15 | BERHASIL | Prediksi 24 jam daily
2026-07-13 10:16:15 | BERHASIL | Daily pipeline selesai
2026-07-13 11:05:02 | BERHASIL | Fetch data hourly
2026-07-13 11:05:03 | BERHASIL | Kalibrasi data hourly
2026-07-13 11:05:03 | BERHASIL | Preprocessing data hourly
2026-07-13 11:05:10 | BERHASIL | Prediksi 24 jam hourly
2026-07-13 11:05:10 | BERHASIL | Hourly prediction selesai
2026-07-13 12:05:02 | BERHASIL | Fetch data hourly
2026-07-13 12:05:02 | BERHASIL | Kalibrasi data hourly
2026-07-13 12:05:03 | BERHASIL | Preprocessing data hourly
2026-07-13 12:05:09 | BERHASIL | Prediksi 24 jam hourly
2026-07-13 12:05:09 | BERHASIL | Hourly prediction selesai
2026-07-13 13:05:02 | BERHASIL | Fetch data hourly
2026-07-13 13:05:03 | BERHASIL | Kalibrasi data hourly
2026-07-13 13:05:03 | BERHASIL | Preprocessing data hourly
2026-07-13 13:05:10 | BERHASIL | Prediksi 24 jam hourly
2026-07-13 13:05:10 | BERHASIL | Hourly prediction selesai
2026-07-13 14:05:02 | BERHASIL | Fetch data hourly
2026-07-13 14:05:02 | BERHASIL | Kalibrasi data hourly
2026-07-13 14:05:03 | BERHASIL | Preprocessing data hourly
2026-07-13 14:05:09 | BERHASIL | Prediksi 24 jam hourly
2026-07-13 14:05:09 | BERHASIL | Hourly prediction selesai
2026-07-13 15:05:02 | BERHASIL | Fetch data hourly
2026-07-13 15:05:02 | BERHASIL | Kalibrasi data hourly
2026-07-13 15:05:03 | BERHASIL | Preprocessing data hourly
2026-07-13 15:05:10 | BERHASIL | Prediksi 24 jam hourly
2026-07-13 15:05:10 | BERHASIL | Hourly prediction selesai
2026-07-13 16:05:02 | BERHASIL | Fetch data hourly
2026-07-13 16:05:02 | BERHASIL | Kalibrasi data hourly
2026-07-13 16:05:03 | BERHASIL | Preprocessing data hourly
2026-07-13 16:05:09 | BERHASIL | Prediksi 24 jam hourly
2026-07-13 16:05:09 | BERHASIL | Hourly prediction selesai
2026-07-13 17:05:03 | BERHASIL | Fetch data hourly
2026-07-13 17:05:03 | BERHASIL | Kalibrasi data hourly
2026-07-13 17:05:04 | BERHASIL | Preprocessing data hourly
2026-07-13 17:05:10 | BERHASIL | Prediksi 24 jam hourly
2026-07-13 17:05:10 | BERHASIL | Hourly prediction selesai
2026-07-13 18:05:12 | BERHASIL | Fetch data hourly
2026-07-13 18:05:13 | BERHASIL | Kalibrasi data hourly
2026-07-13 18:05:13 | BERHASIL | Preprocessing data hourly
2026-07-13 18:05:20 | BERHASIL | Prediksi 24 jam hourly
2026-07-13 18:05:20 | BERHASIL | Hourly prediction selesai
2026-07-13 19:05:02 | BERHASIL | Fetch data hourly
2026-07-13 19:05:02 | BERHASIL | Kalibrasi data hourly
2026-07-13 19:05:03 | BERHASIL | Preprocessing data hourly
2026-07-13 19:05:09 | BERHASIL | Prediksi 24 jam hourly
2026-07-13 19:05:09 | BERHASIL | Hourly prediction selesai
2026-07-13 20:05:02 | BERHASIL | Fetch data hourly
2026-07-13 20:05:02 | BERHASIL | Kalibrasi data hourly
2026-07-13 20:05:03 | BERHASIL | Preprocessing data hourly
2026-07-13 20:05:10 | BERHASIL | Prediksi 24 jam hourly
2026-07-13 20:05:10 | BERHASIL | Hourly prediction selesai
2026-07-13 21:05:02 | BERHASIL | Fetch data hourly
2026-07-13 21:05:02 | BERHASIL | Kalibrasi data hourly
2026-07-13 21:05:03 | BERHASIL | Preprocessing data hourly
2026-07-13 21:05:16 | BERHASIL | Prediksi 24 jam hourly
2026-07-13 21:05:16 | BERHASIL | Hourly prediction selesai
2026-07-13 22:05:03 | BERHASIL | Fetch data hourly
2026-07-13 22:05:03 | BERHASIL | Kalibrasi data hourly
2026-07-13 22:05:04 | BERHASIL | Preprocessing data hourly
2026-07-13 22:05:10 | BERHASIL | Prediksi 24 jam hourly
2026-07-13 22:05:10 | BERHASIL | Hourly prediction selesai
2026-07-13 23:05:02 | BERHASIL | Fetch data hourly
2026-07-13 23:05:02 | BERHASIL | Kalibrasi data hourly
2026-07-13 23:05:02 | BERHASIL | Preprocessing data hourly
2026-07-13 23:05:09 | BERHASIL | Prediksi 24 jam hourly
2026-07-13 23:05:09 | BERHASIL | Hourly prediction selesai
2026-07-14 00:05:02 | BERHASIL | Fetch data hourly
2026-07-14 00:05:02 | BERHASIL | Kalibrasi data hourly
2026-07-14 00:05:03 | BERHASIL | Preprocessing data hourly
2026-07-14 00:05:09 | BERHASIL | Prediksi 24 jam hourly
2026-07-14 00:05:09 | BERHASIL | Hourly prediction selesai
2026-07-14 01:05:02 | BERHASIL | Fetch data hourly
2026-07-14 01:05:03 | BERHASIL | Kalibrasi data hourly
2026-07-14 01:05:03 | BERHASIL | Preprocessing data hourly
2026-07-14 01:05:10 | BERHASIL | Prediksi 24 jam hourly
2026-07-14 01:05:10 | BERHASIL | Hourly prediction selesai
2026-07-14 02:00:02 | BERHASIL | Fetch data daily
2026-07-14 02:00:03 | BERHASIL | Preprocessing data daily
2026-07-14 02:00:36 | BERHASIL | Training RNN
2026-07-14 02:00:41 | BERHASIL | Evaluasi dan plot model
2026-07-14 02:05:51 | BERHASIL | generate rnn prediksi
2026-07-14 02:05:52 | BERHASIL | buat database anfis
2026-07-14 02:05:53 | BERHASIL | preprcessing dataset untuk anfis
2026-07-14 02:08:38 | BERHASIL | training anfis
2026-07-14 02:08:44 | BERHASIL | evaluasi model anfis
2026-07-14 02:08:56 | BERHASIL | Prediksi 7 hari
2026-07-14 02:09:03 | BERHASIL | Prediksi 24 jam daily
2026-07-14 02:09:03 | BERHASIL | Daily pipeline selesai
2026-07-14 03:05:02 | BERHASIL | Fetch data hourly
2026-07-14 03:05:02 | BERHASIL | Kalibrasi data hourly
2026-07-14 03:05:03 | BERHASIL | Preprocessing data hourly
2026-07-14 03:05:09 | BERHASIL | Prediksi 24 jam hourly
2026-07-14 03:05:09 | BERHASIL | Hourly prediction selesai
2026-07-14 04:05:02 | BERHASIL | Fetch data hourly
2026-07-14 04:05:02 | BERHASIL | Kalibrasi data hourly
2026-07-14 04:05:03 | BERHASIL | Preprocessing data hourly
2026-07-14 04:05:10 | BERHASIL | Prediksi 24 jam hourly
2026-07-14 04:05:10 | BERHASIL | Hourly prediction selesai
2026-07-14 05:05:02 | BERHASIL | Fetch data hourly
2026-07-14 05:05:02 | BERHASIL | Kalibrasi data hourly
2026-07-14 05:05:03 | BERHASIL | Preprocessing data hourly
2026-07-14 05:05:09 | BERHASIL | Prediksi 24 jam hourly
2026-07-14 05:05:09 | BERHASIL | Hourly prediction selesai
2026-07-14 06:05:03 | BERHASIL | Fetch data hourly
2026-07-14 06:05:03 | BERHASIL | Kalibrasi data hourly
2026-07-14 06:05:04 | BERHASIL | Preprocessing data hourly
2026-07-14 06:05:10 | BERHASIL | Prediksi 24 jam hourly
2026-07-14 06:05:10 | BERHASIL | Hourly prediction selesai
2026-07-14 07:05:03 | BERHASIL | Fetch data hourly
2026-07-14 07:05:03 | BERHASIL | Kalibrasi data hourly
2026-07-14 07:05:04 | BERHASIL | Preprocessing data hourly
2026-07-14 07:05:10 | BERHASIL | Prediksi 24 jam hourly
2026-07-14 07:05:10 | BERHASIL | Hourly prediction selesai
2026-07-14 08:05:02 | BERHASIL | Fetch data hourly
2026-07-14 08:05:02 | BERHASIL | Kalibrasi data hourly
2026-07-14 08:05:03 | BERHASIL | Preprocessing data hourly
2026-07-14 08:05:10 | BERHASIL | Prediksi 24 jam hourly
2026-07-14 08:05:10 | BERHASIL | Hourly prediction selesai
2026-07-14 09:05:02 | BERHASIL | Fetch data hourly
2026-07-14 09:05:02 | BERHASIL | Kalibrasi data hourly
2026-07-14 09:05:03 | BERHASIL | Preprocessing data hourly
2026-07-14 09:05:09 | BERHASIL | Prediksi 24 jam hourly
2026-07-14 09:05:09 | BERHASIL | Hourly prediction selesai
2026-07-14 10:05:02 | BERHASIL | Fetch data hourly
2026-07-14 10:05:03 | BERHASIL | Kalibrasi data hourly
2026-07-14 10:05:03 | BERHASIL | Preprocessing data hourly
2026-07-14 10:05:10 | BERHASIL | Prediksi 24 jam hourly
2026-07-14 10:05:10 | BERHASIL | Hourly prediction selesai
2026-07-14 11:05:02 | BERHASIL | Fetch data hourly
2026-07-14 11:05:03 | BERHASIL | Kalibrasi data hourly
2026-07-14 11:05:03 | BERHASIL | Preprocessing data hourly
2026-07-14 11:05:10 | BERHASIL | Prediksi 24 jam hourly
2026-07-14 11:05:10 | BERHASIL | Hourly prediction selesai
2026-07-14 12:05:02 | BERHASIL | Fetch data hourly
2026-07-14 12:05:03 | BERHASIL | Kalibrasi data hourly
2026-07-14 12:05:03 | BERHASIL | Preprocessing data hourly
2026-07-14 12:05:10 | BERHASIL | Prediksi 24 jam hourly
2026-07-14 12:05:10 | BERHASIL | Hourly prediction selesai
2026-07-14 13:05:02 | BERHASIL | Fetch data hourly
2026-07-14 13:05:02 | BERHASIL | Kalibrasi data hourly
2026-07-14 13:05:03 | BERHASIL | Preprocessing data hourly
2026-07-14 13:05:09 | BERHASIL | Prediksi 24 jam hourly
2026-07-14 13:05:09 | BERHASIL | Hourly prediction selesai
2026-07-14 14:05:03 | BERHASIL | Fetch data hourly
2026-07-14 14:05:03 | BERHASIL | Kalibrasi data hourly
2026-07-14 14:05:04 | BERHASIL | Preprocessing data hourly
2026-07-14 14:05:10 | BERHASIL | Prediksi 24 jam hourly
2026-07-14 14:05:10 | BERHASIL | Hourly prediction selesai
2026-07-14 15:05:02 | BERHASIL | Fetch data hourly
2026-07-14 15:05:02 | BERHASIL | Kalibrasi data hourly
2026-07-14 15:05:03 | BERHASIL | Preprocessing data hourly
2026-07-14 15:05:10 | BERHASIL | Prediksi 24 jam hourly
2026-07-14 15:05:10 | BERHASIL | Hourly prediction selesai
2026-07-14 16:05:02 | BERHASIL | Fetch data hourly
2026-07-14 16:05:02 | BERHASIL | Kalibrasi data hourly
2026-07-14 16:05:03 | BERHASIL | Preprocessing data hourly
2026-07-14 16:05:09 | BERHASIL | Prediksi 24 jam hourly
2026-07-14 16:05:09 | BERHASIL | Hourly prediction selesai
2026-07-14 17:05:02 | BERHASIL | Fetch data hourly
2026-07-14 17:05:03 | BERHASIL | Kalibrasi data hourly
2026-07-14 17:05:03 | BERHASIL | Preprocessing data hourly
2026-07-14 17:05:10 | BERHASIL | Prediksi 24 jam hourly
2026-07-14 17:05:10 | BERHASIL | Hourly prediction selesai
2026-07-14 18:05:06 | BERHASIL | Fetch data hourly
2026-07-14 18:05:06 | BERHASIL | Kalibrasi data hourly
2026-07-14 18:05:07 | BERHASIL | Preprocessing data hourly
2026-07-14 18:05:13 | BERHASIL | Prediksi 24 jam hourly
2026-07-14 18:05:13 | BERHASIL | Hourly prediction selesai
2026-07-14 19:05:03 | BERHASIL | Fetch data hourly
2026-07-14 19:05:03 | BERHASIL | Kalibrasi data hourly
2026-07-14 19:05:04 | BERHASIL | Preprocessing data hourly
2026-07-14 19:05:10 | BERHASIL | Prediksi 24 jam hourly
2026-07-14 19:05:10 | BERHASIL | Hourly prediction selesai
2026-07-15 10:32:16 | BERHASIL | Fetch data daily
2026-07-15 10:32:16 | BERHASIL | Preprocessing data daily
2026-07-15 10:33:04 | BERHASIL | Training RNN
2026-07-15 10:33:09 | BERHASIL | Evaluasi dan plot model
2026-07-15 10:39:44 | BERHASIL | generate rnn prediksi
2026-07-15 10:39:45 | BERHASIL | buat database anfis
2026-07-15 10:39:45 | BERHASIL | preprcessing dataset untuk anfis
2026-07-15 10:45:53 | BERHASIL | training anfis
2026-07-15 10:45:58 | BERHASIL | evaluasi model anfis
2026-07-15 10:46:10 | BERHASIL | Prediksi 7 hari
2026-07-15 10:46:17 | BERHASIL | Prediksi 24 jam daily
2026-07-15 10:46:17 | BERHASIL | Daily pipeline selesai
2026-07-15 11:05:02 | BERHASIL | Fetch data hourly
2026-07-15 11:05:03 | BERHASIL | Kalibrasi data hourly
2026-07-15 11:05:03 | BERHASIL | Preprocessing data hourly
2026-07-15 11:05:10 | BERHASIL | Prediksi 24 jam hourly
2026-07-15 11:05:10 | BERHASIL | Hourly prediction selesai
2026-07-15 12:05:03 | BERHASIL | Fetch data hourly
2026-07-15 12:05:03 | BERHASIL | Kalibrasi data hourly
2026-07-15 12:05:04 | BERHASIL | Preprocessing data hourly
2026-07-15 12:05:10 | BERHASIL | Prediksi 24 jam hourly
2026-07-15 12:05:10 | BERHASIL | Hourly prediction selesai
2026-07-15 13:05:07 | BERHASIL | Fetch data hourly
2026-07-15 13:05:07 | BERHASIL | Kalibrasi data hourly
2026-07-15 13:05:08 | BERHASIL | Preprocessing data hourly
2026-07-15 13:05:15 | BERHASIL | Prediksi 24 jam hourly
2026-07-15 13:05:15 | BERHASIL | Hourly prediction selesai
2026-07-15 14:05:02 | BERHASIL | Fetch data hourly
2026-07-15 14:05:02 | BERHASIL | Kalibrasi data hourly
2026-07-15 14:05:03 | BERHASIL | Preprocessing data hourly
2026-07-15 14:05:09 | BERHASIL | Prediksi 24 jam hourly
2026-07-15 14:05:09 | BERHASIL | Hourly prediction selesai
2026-07-15 15:05:03 | BERHASIL | Fetch data hourly
2026-07-15 15:05:03 | BERHASIL | Kalibrasi data hourly
2026-07-15 15:05:04 | BERHASIL | Preprocessing data hourly
2026-07-15 15:05:10 | BERHASIL | Prediksi 24 jam hourly
2026-07-15 15:05:10 | BERHASIL | Hourly prediction selesai
2026-07-15 16:05:02 | BERHASIL | Fetch data hourly
2026-07-15 16:05:03 | BERHASIL | Kalibrasi data hourly
2026-07-15 16:05:03 | BERHASIL | Preprocessing data hourly
2026-07-15 16:05:10 | BERHASIL | Prediksi 24 jam hourly
2026-07-15 16:05:10 | BERHASIL | Hourly prediction selesai
2026-07-15 17:05:02 | BERHASIL | Fetch data hourly
2026-07-15 17:05:02 | BERHASIL | Kalibrasi data hourly
2026-07-15 17:05:03 | BERHASIL | Preprocessing data hourly
2026-07-15 17:05:09 | BERHASIL | Prediksi 24 jam hourly
2026-07-15 17:05:09 | BERHASIL | Hourly prediction selesai
2026-07-15 18:05:03 | BERHASIL | Fetch data hourly
2026-07-15 18:05:03 | BERHASIL | Kalibrasi data hourly
2026-07-15 18:05:04 | BERHASIL | Preprocessing data hourly
2026-07-15 18:05:10 | BERHASIL | Prediksi 24 jam hourly
2026-07-15 18:05:10 | BERHASIL | Hourly prediction selesai
2026-07-15 19:05:02 | BERHASIL | Fetch data hourly
2026-07-15 19:05:02 | BERHASIL | Kalibrasi data hourly
2026-07-15 19:05:03 | BERHASIL | Preprocessing data hourly
2026-07-15 19:05:09 | BERHASIL | Prediksi 24 jam hourly
2026-07-15 19:05:09 | BERHASIL | Hourly prediction selesai
2026-07-15 20:05:03 | BERHASIL | Fetch data hourly
2026-07-15 20:05:04 | BERHASIL | Kalibrasi data hourly
2026-07-15 20:05:04 | BERHASIL | Preprocessing data hourly
2026-07-15 20:05:11 | BERHASIL | Prediksi 24 jam hourly
2026-07-15 20:05:11 | BERHASIL | Hourly prediction selesai
2026-07-15 21:05:02 | BERHASIL | Fetch data hourly
2026-07-15 21:05:02 | BERHASIL | Kalibrasi data hourly
2026-07-15 21:05:03 | BERHASIL | Preprocessing data hourly
2026-07-15 21:05:09 | BERHASIL | Prediksi 24 jam hourly
2026-07-15 21:05:09 | BERHASIL | Hourly prediction selesai
2026-07-15 22:05:03 | BERHASIL | Fetch data hourly
2026-07-15 22:05:03 | BERHASIL | Kalibrasi data hourly
2026-07-15 22:05:04 | BERHASIL | Preprocessing data hourly
2026-07-15 22:05:10 | BERHASIL | Prediksi 24 jam hourly
2026-07-15 22:05:10 | BERHASIL | Hourly prediction selesai
2026-07-15 23:05:03 | BERHASIL | Fetch data hourly
2026-07-15 23:05:03 | BERHASIL | Kalibrasi data hourly
2026-07-15 23:05:04 | BERHASIL | Preprocessing data hourly
2026-07-15 23:05:10 | BERHASIL | Prediksi 24 jam hourly
2026-07-15 23:05:10 | BERHASIL | Hourly prediction selesai
2026-07-16 00:05:03 | BERHASIL | Fetch data hourly
2026-07-16 00:05:03 | BERHASIL | Kalibrasi data hourly
2026-07-16 00:05:04 | BERHASIL | Preprocessing data hourly
2026-07-16 00:05:10 | BERHASIL | Prediksi 24 jam hourly
2026-07-16 00:05:10 | BERHASIL | Hourly prediction selesai
2026-07-16 01:05:03 | BERHASIL | Fetch data hourly
2026-07-16 01:05:03 | BERHASIL | Kalibrasi data hourly
2026-07-16 01:05:04 | BERHASIL | Preprocessing data hourly
2026-07-16 01:05:10 | BERHASIL | Prediksi 24 jam hourly
2026-07-16 01:05:10 | BERHASIL | Hourly prediction selesai
2026-07-16 02:00:02 | BERHASIL | Fetch data daily
2026-07-16 02:00:03 | BERHASIL | Preprocessing data daily
2026-07-16 02:00:51 | BERHASIL | Training RNN
2026-07-16 02:00:55 | BERHASIL | Evaluasi dan plot model
2026-07-16 02:08:08 | BERHASIL | generate rnn prediksi
2026-07-16 02:08:09 | BERHASIL | buat database anfis
2026-07-16 02:08:10 | BERHASIL | preprcessing dataset untuk anfis
2026-07-16 02:14:44 | BERHASIL | training anfis
2026-07-16 02:14:50 | BERHASIL | evaluasi model anfis
2026-07-16 02:15:02 | BERHASIL | Prediksi 7 hari
2026-07-16 02:15:08 | BERHASIL | Prediksi 24 jam daily
2026-07-16 02:15:08 | BERHASIL | Daily pipeline selesai
2026-07-16 03:05:02 | BERHASIL | Fetch data hourly
2026-07-16 03:05:02 | BERHASIL | Kalibrasi data hourly
2026-07-16 03:05:03 | BERHASIL | Preprocessing data hourly
2026-07-16 03:05:09 | BERHASIL | Prediksi 24 jam hourly
2026-07-16 03:05:09 | BERHASIL | Hourly prediction selesai
2026-07-16 04:05:02 | BERHASIL | Fetch data hourly
2026-07-16 04:05:03 | BERHASIL | Kalibrasi data hourly
2026-07-16 04:05:03 | BERHASIL | Preprocessing data hourly
2026-07-16 04:05:10 | BERHASIL | Prediksi 24 jam hourly
2026-07-16 04:05:10 | BERHASIL | Hourly prediction selesai
2026-07-16 05:05:02 | BERHASIL | Fetch data hourly
2026-07-16 05:05:02 | BERHASIL | Kalibrasi data hourly
2026-07-16 05:05:03 | BERHASIL | Preprocessing data hourly
2026-07-16 05:05:09 | BERHASIL | Prediksi 24 jam hourly
2026-07-16 05:05:09 | BERHASIL | Hourly prediction selesai
2026-07-16 06:05:02 | BERHASIL | Fetch data hourly
2026-07-16 06:05:03 | BERHASIL | Kalibrasi data hourly
2026-07-16 06:05:03 | BERHASIL | Preprocessing data hourly
2026-07-16 06:05:10 | BERHASIL | Prediksi 24 jam hourly
2026-07-16 06:05:10 | BERHASIL | Hourly prediction selesai
2026-07-16 07:05:02 | BERHASIL | Fetch data hourly
2026-07-16 07:05:02 | BERHASIL | Kalibrasi data hourly
2026-07-16 07:05:03 | BERHASIL | Preprocessing data hourly
2026-07-16 07:05:09 | BERHASIL | Prediksi 24 jam hourly
2026-07-16 07:05:09 | BERHASIL | Hourly prediction selesai
2026-07-16 08:05:02 | BERHASIL | Fetch data hourly
2026-07-16 08:05:03 | BERHASIL | Kalibrasi data hourly
2026-07-16 08:05:03 | BERHASIL | Preprocessing data hourly
2026-07-16 08:05:10 | BERHASIL | Prediksi 24 jam hourly
2026-07-16 08:05:10 | BERHASIL | Hourly prediction selesai
2026-07-16 09:05:02 | BERHASIL | Fetch data hourly
2026-07-16 09:05:02 | BERHASIL | Kalibrasi data hourly
2026-07-16 09:05:03 | BERHASIL | Preprocessing data hourly
2026-07-16 09:05:09 | BERHASIL | Prediksi 24 jam hourly
2026-07-16 09:05:09 | BERHASIL | Hourly prediction selesai
2026-07-16 10:05:04 | BERHASIL | Fetch data hourly
2026-07-16 10:05:04 | BERHASIL | Kalibrasi data hourly
2026-07-16 10:05:05 | BERHASIL | Preprocessing data hourly
2026-07-16 10:05:11 | BERHASIL | Prediksi 24 jam hourly
2026-07-16 10:05:11 | BERHASIL | Hourly prediction selesai
2026-07-16 11:05:02 | BERHASIL | Fetch data hourly
2026-07-16 11:05:02 | BERHASIL | Kalibrasi data hourly
2026-07-16 11:05:03 | BERHASIL | Preprocessing data hourly
2026-07-16 11:05:09 | BERHASIL | Prediksi 24 jam hourly
2026-07-16 11:05:09 | BERHASIL | Hourly prediction selesai
2026-07-16 12:05:03 | BERHASIL | Fetch data hourly
2026-07-16 12:05:03 | BERHASIL | Kalibrasi data hourly
2026-07-16 12:05:04 | BERHASIL | Preprocessing data hourly
2026-07-16 12:05:11 | BERHASIL | Prediksi 24 jam hourly
2026-07-16 12:05:11 | BERHASIL | Hourly prediction selesai
2026-07-16 13:05:04 | BERHASIL | Fetch data hourly
2026-07-16 13:05:04 | BERHASIL | Kalibrasi data hourly
2026-07-16 13:05:05 | BERHASIL | Preprocessing data hourly
2026-07-16 13:05:11 | BERHASIL | Prediksi 24 jam hourly
2026-07-16 13:05:11 | BERHASIL | Hourly prediction selesai
2026-07-16 14:05:07 | BERHASIL | Fetch data hourly
2026-07-16 14:05:07 | BERHASIL | Kalibrasi data hourly
2026-07-16 14:05:08 | BERHASIL | Preprocessing data hourly
2026-07-16 14:05:15 | BERHASIL | Prediksi 24 jam hourly
2026-07-16 14:05:15 | BERHASIL | Hourly prediction selesai
2026-07-16 15:05:03 | BERHASIL | Fetch data hourly
2026-07-16 15:05:03 | BERHASIL | Kalibrasi data hourly
2026-07-16 15:05:04 | BERHASIL | Preprocessing data hourly
2026-07-16 15:05:11 | BERHASIL | Prediksi 24 jam hourly
2026-07-16 15:05:11 | BERHASIL | Hourly prediction selesai
2026-07-16 16:05:02 | BERHASIL | Fetch data hourly
2026-07-16 16:05:02 | BERHASIL | Kalibrasi data hourly
2026-07-16 16:05:03 | BERHASIL | Preprocessing data hourly
2026-07-16 16:05:09 | BERHASIL | Prediksi 24 jam hourly
2026-07-16 16:05:09 | BERHASIL | Hourly prediction selesai
2026-07-16 17:05:02 | BERHASIL | Fetch data hourly
2026-07-16 17:05:02 | BERHASIL | Kalibrasi data hourly
2026-07-16 17:05:03 | BERHASIL | Preprocessing data hourly
2026-07-16 17:05:09 | BERHASIL | Prediksi 24 jam hourly
2026-07-16 17:05:09 | BERHASIL | Hourly prediction selesai
2026-07-16 18:05:02 | BERHASIL | Fetch data hourly
2026-07-16 18:05:02 | BERHASIL | Kalibrasi data hourly
2026-07-16 18:05:03 | BERHASIL | Preprocessing data hourly
2026-07-16 18:05:09 | BERHASIL | Prediksi 24 jam hourly
2026-07-16 18:05:09 | BERHASIL | Hourly prediction selesai
2026-07-16 19:05:03 | BERHASIL | Fetch data hourly
2026-07-16 19:05:03 | BERHASIL | Kalibrasi data hourly
2026-07-16 19:05:04 | BERHASIL | Preprocessing data hourly
2026-07-16 19:05:11 | BERHASIL | Prediksi 24 jam hourly
2026-07-16 19:05:11 | BERHASIL | Hourly prediction selesai
2026-07-16 20:05:02 | BERHASIL | Fetch data hourly
2026-07-16 20:05:02 | BERHASIL | Kalibrasi data hourly
2026-07-16 20:05:03 | BERHASIL | Preprocessing data hourly
2026-07-16 20:05:09 | BERHASIL | Prediksi 24 jam hourly
2026-07-16 20:05:09 | BERHASIL | Hourly prediction selesai
2026-07-16 21:05:03 | BERHASIL | Fetch data hourly
2026-07-16 21:05:03 | BERHASIL | Kalibrasi data hourly
2026-07-16 21:05:04 | BERHASIL | Preprocessing data hourly
2026-07-16 21:05:10 | BERHASIL | Prediksi 24 jam hourly
2026-07-16 21:05:10 | BERHASIL | Hourly prediction selesai
2026-07-16 22:05:03 | BERHASIL | Fetch data hourly
2026-07-16 22:05:03 | BERHASIL | Kalibrasi data hourly
2026-07-16 22:05:04 | BERHASIL | Preprocessing data hourly
2026-07-16 22:05:10 | BERHASIL | Prediksi 24 jam hourly
2026-07-16 22:05:10 | BERHASIL | Hourly prediction selesai
2026-07-16 23:05:03 | BERHASIL | Fetch data hourly
2026-07-16 23:05:03 | BERHASIL | Kalibrasi data hourly
2026-07-16 23:05:04 | BERHASIL | Preprocessing data hourly
2026-07-16 23:05:10 | BERHASIL | Prediksi 24 jam hourly
2026-07-16 23:05:10 | BERHASIL | Hourly prediction selesai
2026-07-17 00:05:02 | BERHASIL | Fetch data hourly
2026-07-17 00:05:02 | BERHASIL | Kalibrasi data hourly
2026-07-17 00:05:03 | BERHASIL | Preprocessing data hourly
2026-07-17 00:05:09 | BERHASIL | Prediksi 24 jam hourly
2026-07-17 00:05:09 | BERHASIL | Hourly prediction selesai
2026-07-17 01:05:03 | BERHASIL | Fetch data hourly
2026-07-17 01:05:03 | BERHASIL | Kalibrasi data hourly
2026-07-17 01:05:04 | BERHASIL | Preprocessing data hourly
2026-07-17 01:05:10 | BERHASIL | Prediksi 24 jam hourly
2026-07-17 01:05:10 | BERHASIL | Hourly prediction selesai
2026-07-17 02:00:03 | BERHASIL | Fetch data daily
2026-07-17 02:00:03 | BERHASIL | Preprocessing data daily
2026-07-17 02:01:14 | BERHASIL | Training RNN
2026-07-17 02:01:18 | BERHASIL | Evaluasi dan plot model
2026-07-17 02:09:36 | BERHASIL | generate rnn prediksi
2026-07-17 02:09:37 | BERHASIL | buat database anfis
2026-07-17 02:09:38 | BERHASIL | preprcessing dataset untuk anfis
2026-07-17 02:21:18 | BERHASIL | training anfis
2026-07-17 02:21:23 | BERHASIL | evaluasi model anfis
2026-07-17 02:21:35 | BERHASIL | Prediksi 7 hari
2026-07-17 02:21:42 | BERHASIL | Prediksi 24 jam daily
2026-07-17 02:21:42 | BERHASIL | Daily pipeline selesai
2026-07-17 03:05:03 | BERHASIL | Fetch data hourly
2026-07-17 03:05:03 | BERHASIL | Kalibrasi data hourly
2026-07-17 03:05:04 | BERHASIL | Preprocessing data hourly
2026-07-17 03:05:10 | BERHASIL | Prediksi 24 jam hourly
2026-07-17 03:05:10 | BERHASIL | Hourly prediction selesai
2026-07-17 04:05:02 | BERHASIL | Fetch data hourly
2026-07-17 04:05:02 | BERHASIL | Kalibrasi data hourly
2026-07-17 04:05:03 | BERHASIL | Preprocessing data hourly
2026-07-17 04:05:10 | BERHASIL | Prediksi 24 jam hourly
2026-07-17 04:05:10 | BERHASIL | Hourly prediction selesai
2026-07-17 05:05:02 | BERHASIL | Fetch data hourly
2026-07-17 05:05:02 | BERHASIL | Kalibrasi data hourly
2026-07-17 05:05:03 | BERHASIL | Preprocessing data hourly
2026-07-17 05:05:09 | BERHASIL | Prediksi 24 jam hourly
2026-07-17 05:05:09 | BERHASIL | Hourly prediction selesai
2026-07-17 06:05:02 | BERHASIL | Fetch data hourly
2026-07-17 06:05:02 | BERHASIL | Kalibrasi data hourly
2026-07-17 06:05:03 | BERHASIL | Preprocessing data hourly
2026-07-17 06:05:09 | BERHASIL | Prediksi 24 jam hourly
2026-07-17 06:05:09 | BERHASIL | Hourly prediction selesai
2026-07-17 07:05:03 | BERHASIL | Fetch data hourly
2026-07-17 07:05:03 | BERHASIL | Kalibrasi data hourly
2026-07-17 07:05:04 | BERHASIL | Preprocessing data hourly
2026-07-17 07:05:10 | BERHASIL | Prediksi 24 jam hourly
2026-07-17 07:05:10 | BERHASIL | Hourly prediction selesai
2026-07-17 08:05:02 | BERHASIL | Fetch data hourly
2026-07-17 08:05:03 | BERHASIL | Kalibrasi data hourly
2026-07-17 08:05:03 | BERHASIL | Preprocessing data hourly
2026-07-17 08:05:10 | BERHASIL | Prediksi 24 jam hourly
2026-07-17 08:05:10 | BERHASIL | Hourly prediction selesai
2026-07-17 09:05:02 | BERHASIL | Fetch data hourly
2026-07-17 09:05:03 | BERHASIL | Kalibrasi data hourly
2026-07-17 09:05:03 | BERHASIL | Preprocessing data hourly
2026-07-17 09:05:10 | BERHASIL | Prediksi 24 jam hourly
2026-07-17 09:05:10 | BERHASIL | Hourly prediction selesai
2026-07-17 10:05:02 | BERHASIL | Fetch data hourly
2026-07-17 10:05:02 | BERHASIL | Kalibrasi data hourly
2026-07-17 10:05:03 | BERHASIL | Preprocessing data hourly
2026-07-17 10:05:10 | BERHASIL | Prediksi 24 jam hourly
2026-07-17 10:05:10 | BERHASIL | Hourly prediction selesai
2026-07-17 10:45:18 | BERHASIL | Fetch data daily
2026-07-17 10:45:19 | BERHASIL | Preprocessing data daily
2026-07-17 10:46:14 | BERHASIL | Training RNN
2026-07-17 10:46:19 | BERHASIL | Evaluasi dan plot model
2026-07-17 10:54:58 | BERHASIL | generate rnn prediksi
2026-07-17 10:54:58 | BERHASIL | buat database anfis
2026-07-17 10:54:59 | BERHASIL | preprcessing dataset untuk anfis
2026-07-17 11:05:03 | BERHASIL | Fetch data hourly
2026-07-17 11:05:03 | BERHASIL | Kalibrasi data hourly
2026-07-17 11:05:04 | BERHASIL | Preprocessing data hourly
2026-07-17 11:05:10 | BERHASIL | Prediksi 24 jam hourly
2026-07-17 11:05:10 | BERHASIL | Hourly prediction selesai
2026-07-17 11:05:48 | BERHASIL | training anfis
2026-07-17 11:05:53 | BERHASIL | evaluasi model anfis
2026-07-17 11:06:05 | BERHASIL | Prediksi 7 hari
2026-07-17 11:06:12 | BERHASIL | Prediksi 24 jam daily
2026-07-17 11:06:12 | BERHASIL | Daily pipeline selesai
